[0.056s] Invoking command in '/home/kush/robot_ws/build/obstacle_avoidance_tb3': CMAKE_PREFIX_PATH=${CMAKE_PREFIX_PATH}:/home/kush/robot_ws/install/turtlebot3_lane_changing_leader:/home/kush/robot_ws/install/turtlebot3_follower_control:/home/kush/turtlebot3_ws/install/turtlebot3_teleop:/home/kush/turtlebot3_ws/install/turtlebot3_example:/opt/ros/humble /usr/bin/cmake /home/kush/robot_ws/src/obstacle_avoidance_tb3 -DAMENT_CMAKE_SYMLINK_INSTALL=1 -DCMAKE_INSTALL_PREFIX=/home/kush/robot_ws/install/obstacle_avoidance_tb3
[0.781s] -- Found ament_cmake: 1.3.11 (/opt/ros/humble/share/ament_cmake/cmake)
[0.781s] -- Override CMake install command with custom implementation using symlinks instead of copying resources
[0.781s] -- Found rclpy: 3.3.15 (/opt/ros/humble/share/rclpy/cmake)
[0.782s] -- Found rclcpp: 16.0.11 (/opt/ros/humble/share/rclcpp/cmake)
[0.782s] -- Found rosidl_generator_c: 3.1.6 (/opt/ros/humble/share/rosidl_generator_c/cmake)
[0.782s] -- Found rosidl_adapter: 3.1.6 (/opt/ros/humble/share/rosidl_adapter/cmake)
[0.782s] -- Found rosidl_generator_cpp: 3.1.6 (/opt/ros/humble/share/rosidl_generator_cpp/cmake)
[0.782s] -- Using all available rosidl_typesupport_c: rosidl_typesupport_fastrtps_c;rosidl_typesupport_introspection_c
[0.782s] -- Using all available rosidl_typesupport_cpp: rosidl_typesupport_fastrtps_cpp;rosidl_typesupport_introspection_cpp
[0.782s] -- Found rmw_implementation_cmake: 6.1.2 (/opt/ros/humble/share/rmw_implementation_cmake/cmake)
[0.782s] -- Found rmw_fastrtps_cpp: 6.2.7 (/opt/ros/humble/share/rmw_fastrtps_cpp/cmake)
[0.782s] -- Using RMW implementation 'rmw_fastrtps_cpp' as default
[0.783s] -- Found rosidl_default_generators: 1.2.0 (/opt/ros/humble/share/rosidl_default_generators/cmake)
[0.783s] -- Found sensor_msgs: 4.2.4 (/opt/ros/humble/share/sensor_msgs/cmake)
[0.801s] -- Configuring done
[0.810s] -- Generating done
[0.813s] -- Build files have been written to: /home/kush/robot_ws/build/obstacle_avoidance_tb3
[0.826s] Invoked command in '/home/kush/robot_ws/build/obstacle_avoidance_tb3' returned '0': CMAKE_PREFIX_PATH=${CMAKE_PREFIX_PATH}:/home/kush/robot_ws/install/turtlebot3_lane_changing_leader:/home/kush/robot_ws/install/turtlebot3_follower_control:/home/kush/turtlebot3_ws/install/turtlebot3_teleop:/home/kush/turtlebot3_ws/install/turtlebot3_example:/opt/ros/humble /usr/bin/cmake /home/kush/robot_ws/src/obstacle_avoidance_tb3 -DAMENT_CMAKE_SYMLINK_INSTALL=1 -DCMAKE_INSTALL_PREFIX=/home/kush/robot_ws/install/obstacle_avoidance_tb3
[0.835s] Invoking command in '/home/kush/robot_ws/build/obstacle_avoidance_tb3': CMAKE_PREFIX_PATH=${CMAKE_PREFIX_PATH}:/home/kush/robot_ws/install/turtlebot3_lane_changing_leader:/home/kush/robot_ws/install/turtlebot3_follower_control:/home/kush/turtlebot3_ws/install/turtlebot3_teleop:/home/kush/turtlebot3_ws/install/turtlebot3_example:/opt/ros/humble /usr/bin/cmake --build /home/kush/robot_ws/build/obstacle_avoidance_tb3 -- -j5 -l5
[0.938s] failed to create symbolic link '/home/kush/robot_ws/build/obstacle_avoidance_tb3/ament_cmake_python/obstacle_avoidance_tb3/obstacle_avoidance_tb3' because existing path cannot be removed: Is a directory
[0.939s] gmake[2]: *** [CMakeFiles/ament_cmake_python_symlink_obstacle_avoidance_tb3.dir/build.make:70: CMakeFiles/ament_cmake_python_symlink_obstacle_avoidance_tb3] Error 1
[0.940s] gmake[1]: *** [CMakeFiles/Makefile2:138: CMakeFiles/ament_cmake_python_symlink_obstacle_avoidance_tb3.dir/all] Error 2
[0.941s] gmake: *** [Makefile:146: all] Error 2
[0.953s] Invoked command in '/home/kush/robot_ws/build/obstacle_avoidance_tb3' returned '2': CMAKE_PREFIX_PATH=${CMAKE_PREFIX_PATH}:/home/kush/robot_ws/install/turtlebot3_lane_changing_leader:/home/kush/robot_ws/install/turtlebot3_follower_control:/home/kush/turtlebot3_ws/install/turtlebot3_teleop:/home/kush/turtlebot3_ws/install/turtlebot3_example:/opt/ros/humble /usr/bin/cmake --build /home/kush/robot_ws/build/obstacle_avoidance_tb3 -- -j5 -l5
